
> host-router@1.0.0 prod /home/mitwilsch/host-router
> concurrently "node src/index.js" "http-server public/mitchell.schooler.me/dist -p 3001" " http-server public/schooler.me/dist -p 3002" 

[1] [33mStarting up http-server, serving [39m[36mpublic/mitchell.schooler.me/dist[39m[33m[39m
[1] [33mAvailable on:[39m
[1]   http://127.0.0.1:[32m3001[39m
[1]   http://10.138.0.9:[32m3001[39m
[1] Hit CTRL-C to stop the server
[2] [33mStarting up http-server, serving [39m[36mpublic/schooler.me/dist[39m[33m[39m
[2] [33mAvailable on:[39m
[2]   http://127.0.0.1:[32m3002[39m
[2]   http://10.138.0.9:[32m3002[39m
[2] Hit CTRL-C to stop the server
[1] [31mhttp-server stopped.[39m
[2] [31mhttp-server stopped.[39m
[0] node src/index.js exited with code SIGINT
[2]  http-server public/schooler.me/dist -p 3002 exited with code SIGINT
[1] http-server public/mitchell.schooler.me/dist -p 3001 exited with code SIGINT

> host-router@1.0.0 prod /home/mitwilsch/host-router
> concurrently "node src/index.js" "http-server public/mitchell.schooler.me/dist -p 3001" " http-server public/schooler.me/dist -p 3002" 

[1] [33mStarting up http-server, serving [39m[36mpublic/mitchell.schooler.me/dist[39m[33m[39m
[1] [33mAvailable on:[39m
[1]   http://127.0.0.1:[32m3001[39m
[1]   http://10.138.0.9:[32m3001[39m
[1] Hit CTRL-C to stop the server
[2] [33mStarting up http-server, serving [39m[36mpublic/schooler.me/dist[39m[33m[39m
[2] [33mAvailable on:[39m
[2]   http://127.0.0.1:[32m3002[39m
[2]   http://10.138.0.9:[32m3002[39m
[2] Hit CTRL-C to stop the server
[1] [2020-05-12T20:21:09.406Z]  "[36mGET[39m [36m/[39m" "Mozilla/5.0 (X11; Linux x86_64) AppleWebKit/537.36 (KHTML, like Gecko) Chrome/81.0.4044.138 Safari/537.36"
[1] (node:5584) [DEP0066] DeprecationWarning: OutgoingMessage.prototype._headers is deprecated
[1] [2020-05-12T20:21:09.655Z]  "[36mGET[39m [36m/bundle.js[39m" "Mozilla/5.0 (X11; Linux x86_64) AppleWebKit/537.36 (KHTML, like Gecko) Chrome/81.0.4044.138 Safari/537.36"
[1] [2020-05-12T20:21:11.546Z]  "[36mGET[39m [36m/96e98a2ef81b39928676dba5bdef5d94.jpg[39m" "Mozilla/5.0 (X11; Linux x86_64) AppleWebKit/537.36 (KHTML, like Gecko) Chrome/81.0.4044.138 Safari/537.36"
[1] [2020-05-12T20:21:11.651Z]  "[36mGET[39m [36m/public/favicon-32x32.png[39m" "Mozilla/5.0 (X11; Linux x86_64) AppleWebKit/537.36 (KHTML, like Gecko) Chrome/81.0.4044.138 Safari/537.36"
[1] [2020-05-12T20:21:11.653Z]  "[31mGET[39m [31m/public/favicon-32x32.png[39m" Error ([31m404[39m): "[31mNot found[39m"
[1] [2020-05-12T20:21:11.746Z]  "[36mGET[39m [36m/favicon.ico[39m" "Mozilla/5.0 (X11; Linux x86_64) AppleWebKit/537.36 (KHTML, like Gecko) Chrome/81.0.4044.138 Safari/537.36"
[1] [2020-05-12T20:21:11.748Z]  "[31mGET[39m [31m/favicon.ico[39m" Error ([31m404[39m): "[31mNot found[39m"
[1] [2020-05-12T20:21:17.243Z]  "[36mGET[39m [36m/[39m" "Mozilla/5.0 (X11; Linux x86_64) AppleWebKit/537.36 (KHTML, like Gecko) Chrome/81.0.4044.138 Safari/537.36"
[1] [2020-05-12T20:21:17.424Z]  "[36mGET[39m [36m/public/favicon-32x32.png[39m" "Mozilla/5.0 (X11; Linux x86_64) AppleWebKit/537.36 (KHTML, like Gecko) Chrome/81.0.4044.138 Safari/537.36"
[1] [2020-05-12T20:21:17.426Z]  "[31mGET[39m [31m/public/favicon-32x32.png[39m" Error ([31m404[39m): "[31mNot found[39m"
[1] [2020-05-12T20:21:18.985Z]  "[36mGET[39m [36m/[39m" "Mozilla/5.0 (X11; Linux x86_64) AppleWebKit/537.36 (KHTML, like Gecko) Chrome/81.0.4044.138 Safari/537.36"
[1] [2020-05-12T20:21:19.284Z]  "[36mGET[39m [36m/public/favicon-32x32.png[39m" "Mozilla/5.0 (X11; Linux x86_64) AppleWebKit/537.36 (KHTML, like Gecko) Chrome/81.0.4044.138 Safari/537.36"
[1] [2020-05-12T20:21:19.286Z]  "[31mGET[39m [31m/public/favicon-32x32.png[39m" Error ([31m404[39m): "[31mNot found[39m"
[1] [2020-05-12T20:21:20.046Z]  "[36mGET[39m [36m/[39m" "Mozilla/5.0 (X11; Linux x86_64) AppleWebKit/537.36 (KHTML, like Gecko) Chrome/81.0.4044.138 Safari/537.36"
[1] [2020-05-12T20:21:20.424Z]  "[36mGET[39m [36m/public/favicon-32x32.png[39m" "Mozilla/5.0 (X11; Linux x86_64) AppleWebKit/537.36 (KHTML, like Gecko) Chrome/81.0.4044.138 Safari/537.36"
[1] [2020-05-12T20:21:20.425Z]  "[31mGET[39m [31m/public/favicon-32x32.png[39m" Error ([31m404[39m): "[31mNot found[39m"
[0] Terminated
[0] node src/index.js exited with code 143
[1] [31mhttp-server stopped.[39m
[1] http-server public/mitchell.schooler.me/dist -p 3001 exited with code SIGTERM
[2] [31mhttp-server stopped.[39m
[2]  http-server public/schooler.me/dist -p 3002 exited with code SIGTERM
npm ERR! code ELIFECYCLE
npm ERR! errno 1
npm ERR! host-router@1.0.0 prod: `concurrently "node src/index.js" "http-server public/mitchell.schooler.me/dist -p 3001" " http-server public/schooler.me/dist -p 3002" `
npm ERR! Exit status 1
npm ERR! 
npm ERR! Failed at the host-router@1.0.0 prod script.
npm ERR! This is probably not a problem with npm. There is likely additional logging output above.

npm ERR! A complete log of this run can be found in:
npm ERR!     /root/.npm/_logs/2020-05-12T20_21_59_445Z-debug.log

> host-router@1.0.0 prod /home/mitwilsch/host-router
> concurrently "node src/index.js" "http-server public/mitchell.schooler.me/dist -p 3001" " http-server public/schooler.me/dist -p 3002" 

[1] [33mStarting up http-server, serving [39m[36mpublic/mitchell.schooler.me/dist[39m[33m[39m
[1] [33mAvailable on:[39m
[1]   http://127.0.0.1:[32m3001[39m
[2] [33mStarting up http-server, serving [39m[36mpublic/schooler.me/dist[39m[33m[39m
[2] [33mAvailable on:[39m
[1]   http://10.138.0.9:[32m3001[39m
[1] Hit CTRL-C to stop the server
[2]   http://127.0.0.1:[32m3002[39m
[2]   http://10.138.0.9:[32m3002[39m
[2] Hit CTRL-C to stop the server
[1] [2020-05-12T20:22:44.817Z]  "[36mGET[39m [36m/[39m" "Mozilla/5.0 (X11; Linux x86_64) AppleWebKit/537.36 (KHTML, like Gecko) Chrome/81.0.4044.138 Safari/537.36"
[1] (node:5765) [DEP0066] DeprecationWarning: OutgoingMessage.prototype._headers is deprecated
[1] [2020-05-12T20:22:45.245Z]  "[36mGET[39m [36m/public/favicon-32x32.png[39m" "Mozilla/5.0 (X11; Linux x86_64) AppleWebKit/537.36 (KHTML, like Gecko) Chrome/81.0.4044.138 Safari/537.36"
[1] [2020-05-12T20:22:45.247Z]  "[31mGET[39m [31m/public/favicon-32x32.png[39m" Error ([31m404[39m): "[31mNot found[39m"
[2] [2020-05-12T20:22:57.160Z]  "[36mGET[39m [36m/[39m" "Mozilla/5.0 (X11; Linux x86_64) AppleWebKit/537.36 (KHTML, like Gecko) Chrome/81.0.4044.138 Safari/537.36"
[2] (node:5766) [DEP0066] DeprecationWarning: OutgoingMessage.prototype._headers is deprecated
[2] [2020-05-12T20:22:57.544Z]  "[36mGET[39m [36m/bundle.js[39m" "Mozilla/5.0 (X11; Linux x86_64) AppleWebKit/537.36 (KHTML, like Gecko) Chrome/81.0.4044.138 Safari/537.36"
[2] [2020-05-12T20:23:00.210Z]  "[36mGET[39m [36m/favicon.ico[39m" "Mozilla/5.0 (X11; Linux x86_64) AppleWebKit/537.36 (KHTML, like Gecko) Chrome/81.0.4044.138 Safari/537.36"
[2] [2020-05-12T20:23:00.213Z]  "[31mGET[39m [31m/favicon.ico[39m" Error ([31m404[39m): "[31mNot found[39m"
[1] [2020-05-12T20:23:36.614Z]  "[36mGET[39m [36m/[39m" "curl/7.68.0"
[1] [2020-05-12T20:24:10.028Z]  "[36mGET[39m [36m/[39m" "Mozilla/5.0 (Linux; Android 9; ONEPLUS A5000) AppleWebKit/537.36 (KHTML, like Gecko) Chrome/81.0.4044.138 Mobile Safari/537.36"
[1] [2020-05-12T20:24:10.257Z]  "[36mGET[39m [36m/bundle.js[39m" "Mozilla/5.0 (Linux; Android 9; ONEPLUS A5000) AppleWebKit/537.36 (KHTML, like Gecko) Chrome/81.0.4044.138 Mobile Safari/537.36"
[1] [2020-05-12T20:24:14.817Z]  "[36mGET[39m [36m/96e98a2ef81b39928676dba5bdef5d94.jpg[39m" "Mozilla/5.0 (Linux; Android 9; ONEPLUS A5000) AppleWebKit/537.36 (KHTML, like Gecko) Chrome/81.0.4044.138 Mobile Safari/537.36"
[1] [2020-05-12T20:24:14.819Z]  "[36mGET[39m [36m/public/favicon-32x32.png[39m" "Mozilla/5.0 (Linux; Android 9; ONEPLUS A5000) AppleWebKit/537.36 (KHTML, like Gecko) Chrome/81.0.4044.138 Mobile Safari/537.36"
[1] [2020-05-12T20:24:14.820Z]  "[31mGET[39m [31m/public/favicon-32x32.png[39m" Error ([31m404[39m): "[31mNot found[39m"
[1] [2020-05-12T20:24:14.949Z]  "[36mGET[39m [36m/favicon.ico[39m" "Mozilla/5.0 (Linux; Android 9; ONEPLUS A5000) AppleWebKit/537.36 (KHTML, like Gecko) Chrome/81.0.4044.138 Mobile Safari/537.36"
[1] [2020-05-12T20:24:14.951Z]  "[31mGET[39m [31m/favicon.ico[39m" Error ([31m404[39m): "[31mNot found[39m"
[1] [2020-05-12T20:24:19.557Z]  "[36mGET[39m [36m/[39m" "Mozilla/5.0 (X11; Linux x86_64) AppleWebKit/537.36 (KHTML, like Gecko) Chrome/81.0.4044.138 Safari/537.36"
[1] [2020-05-12T20:24:19.716Z]  "[36mGET[39m [36m/bundle.js[39m" "Mozilla/5.0 (X11; Linux x86_64) AppleWebKit/537.36 (KHTML, like Gecko) Chrome/81.0.4044.138 Safari/537.36"
[1] [2020-05-12T20:24:22.119Z]  "[36mGET[39m [36m/96e98a2ef81b39928676dba5bdef5d94.jpg[39m" "Mozilla/5.0 (X11; Linux x86_64) AppleWebKit/537.36 (KHTML, like Gecko) Chrome/81.0.4044.138 Safari/537.36"
[1] [2020-05-12T20:24:22.202Z]  "[36mGET[39m [36m/public/favicon-32x32.png[39m" "Mozilla/5.0 (X11; Linux x86_64) AppleWebKit/537.36 (KHTML, like Gecko) Chrome/81.0.4044.138 Safari/537.36"
[1] [2020-05-12T20:24:22.204Z]  "[31mGET[39m [31m/public/favicon-32x32.png[39m" Error ([31m404[39m): "[31mNot found[39m"
[1] [2020-05-12T20:24:22.369Z]  "[36mGET[39m [36m/favicon.ico[39m" "Mozilla/5.0 (X11; Linux x86_64) AppleWebKit/537.36 (KHTML, like Gecko) Chrome/81.0.4044.138 Safari/537.36"
[1] [2020-05-12T20:24:22.370Z]  "[31mGET[39m [31m/favicon.ico[39m" Error ([31m404[39m): "[31mNot found[39m"
[1] [2020-05-12T20:25:13.509Z]  "[36mGET[39m [36m/[39m" "Mozilla/5.0 (X11; Linux x86_64) AppleWebKit/537.36 (KHTML, like Gecko) Chrome/81.0.4044.138 Safari/537.36"
[1] [2020-05-12T20:25:13.890Z]  "[36mGET[39m [36m/public/favicon-32x32.png[39m" "Mozilla/5.0 (X11; Linux x86_64) AppleWebKit/537.36 (KHTML, like Gecko) Chrome/81.0.4044.138 Safari/537.36"
[1] [2020-05-12T20:25:13.892Z]  "[31mGET[39m [31m/public/favicon-32x32.png[39m" Error ([31m404[39m): "[31mNot found[39m"
[1] [2020-05-12T20:25:55.170Z]  "[36mGET[39m [36m/public/favicon-32x32.png[39m" "Mozilla/5.0 (X11; Linux x86_64) AppleWebKit/537.36 (KHTML, like Gecko) Chrome/81.0.4044.138 Safari/537.36"
[1] [2020-05-12T20:25:55.172Z]  "[31mGET[39m [31m/public/favicon-32x32.png[39m" Error ([31m404[39m): "[31mNot found[39m"
[1] [2020-05-12T20:32:27.720Z]  "[36mGET[39m [36m/[39m" "Mozilla/5.0 (X11; Linux x86_64) AppleWebKit/537.36 (KHTML, like Gecko) Chrome/81.0.4044.138 Safari/537.36"
[1] [2020-05-12T20:32:28.189Z]  "[36mGET[39m [36m/public/favicon-32x32.png[39m" "Mozilla/5.0 (X11; Linux x86_64) AppleWebKit/537.36 (KHTML, like Gecko) Chrome/81.0.4044.138 Safari/537.36"
[1] [2020-05-12T20:32:28.190Z]  "[31mGET[39m [31m/public/favicon-32x32.png[39m" Error ([31m404[39m): "[31mNot found[39m"
[1] [2020-05-12T20:32:30.272Z]  "[36mGET[39m [36m/[39m" "Mozilla/5.0 (X11; Linux x86_64) AppleWebKit/537.36 (KHTML, like Gecko) Chrome/81.0.4044.138 Safari/537.36"
[1] [2020-05-12T20:32:30.500Z]  "[36mGET[39m [36m/public/favicon-32x32.png[39m" "Mozilla/5.0 (X11; Linux x86_64) AppleWebKit/537.36 (KHTML, like Gecko) Chrome/81.0.4044.138 Safari/537.36"
[1] [2020-05-12T20:32:30.501Z]  "[31mGET[39m [31m/public/favicon-32x32.png[39m" Error ([31m404[39m): "[31mNot found[39m"
[1] [2020-05-12T20:32:42.097Z]  "[36mGET[39m [36m/[39m" "Mozilla/5.0 (X11; Linux x86_64) AppleWebKit/537.36 (KHTML, like Gecko) Chrome/81.0.4044.138 Safari/537.36"
[1] [2020-05-12T20:32:42.340Z]  "[36mGET[39m [36m/public/favicon-32x32.png[39m" "Mozilla/5.0 (X11; Linux x86_64) AppleWebKit/537.36 (KHTML, like Gecko) Chrome/81.0.4044.138 Safari/537.36"
[1] [2020-05-12T20:32:42.342Z]  "[31mGET[39m [31m/public/favicon-32x32.png[39m" Error ([31m404[39m): "[31mNot found[39m"
[1] [2020-05-12T20:32:45.633Z]  "[36mGET[39m [36m/[39m" "Mozilla/5.0 (X11; Linux x86_64) AppleWebKit/537.36 (KHTML, like Gecko) Chrome/81.0.4044.138 Safari/537.36"
[1] [2020-05-12T20:32:45.806Z]  "[36mGET[39m [36m/bundle.js[39m" "Mozilla/5.0 (X11; Linux x86_64) AppleWebKit/537.36 (KHTML, like Gecko) Chrome/81.0.4044.138 Safari/537.36"
[1] [2020-05-12T20:32:47.458Z]  "[36mGET[39m [36m/96e98a2ef81b39928676dba5bdef5d94.jpg[39m" "Mozilla/5.0 (X11; Linux x86_64) AppleWebKit/537.36 (KHTML, like Gecko) Chrome/81.0.4044.138 Safari/537.36"
[1] [2020-05-12T20:32:47.521Z]  "[36mGET[39m [36m/public/favicon-32x32.png[39m" "Mozilla/5.0 (X11; Linux x86_64) AppleWebKit/537.36 (KHTML, like Gecko) Chrome/81.0.4044.138 Safari/537.36"
[1] [2020-05-12T20:32:47.523Z]  "[31mGET[39m [31m/public/favicon-32x32.png[39m" Error ([31m404[39m): "[31mNot found[39m"
[1] [2020-05-12T20:32:47.664Z]  "[36mGET[39m [36m/favicon.ico[39m" "Mozilla/5.0 (X11; Linux x86_64) AppleWebKit/537.36 (KHTML, like Gecko) Chrome/81.0.4044.138 Safari/537.36"
[1] [2020-05-12T20:32:47.665Z]  "[31mGET[39m [31m/favicon.ico[39m" Error ([31m404[39m): "[31mNot found[39m"
[1] [2020-05-12T20:33:58.181Z]  "[36mGET[39m [36m/[39m" "Mozilla/5.0 (Linux; Android 9; ONEPLUS A5000) AppleWebKit/537.36 (KHTML, like Gecko) Chrome/81.0.4044.138 Mobile Safari/537.36"
[1] [2020-05-12T20:33:58.539Z]  "[36mGET[39m [36m/public/favicon-32x32.png[39m" "Mozilla/5.0 (Linux; Android 9; ONEPLUS A5000) AppleWebKit/537.36 (KHTML, like Gecko) Chrome/81.0.4044.138 Mobile Safari/537.36"
[1] [2020-05-12T20:33:58.540Z]  "[31mGET[39m [31m/public/favicon-32x32.png[39m" Error ([31m404[39m): "[31mNot found[39m"
[1] [2020-05-12T21:06:00.610Z]  "[36mGET[39m [36m/[39m" "Mozilla/5.0 zgrab/0.x"
[1] [2020-05-12T21:18:26.639Z]  "[36mGET[39m [36m/[39m" "Mozilla/5.0 (Windows NT 6.1; WOW64) AppleWebKit/537.36 (KHTML, like Gecko) Chrome/51.0.2704.103 Safari/537.36"
[1] [2020-05-12T22:21:39.883Z]  "[36mGET[39m [36m/[39m" "Mozilla/5.0 (Macintosh; Intel Mac OS X 10.11; rv:47.0) Gecko/20100101 Firefox/47.0"
[0] /home/mitwilsch/host-router/src/index.js:13
[0]   const domain = req.headers.host.split(':')[0];
[0]                                   ^
[0] 
[0] TypeError: Cannot read property 'split' of undefined
[0]     at /home/mitwilsch/host-router/src/index.js:13:35
[0]     at Server.onrequest (/home/mitwilsch/host-router/node_modules/bouncy/index.js:98:30)
[0]     at Server.emit (events.js:310:20)
[0]     at parserOnIncoming (_http_server.js:786:12)
[0]     at HTTPParser.parserOnHeadersComplete (_http_common.js:119:17)
[0]     at socketOnData (_http_server.js:563:22)
[0]     at Socket.emit (events.js:322:22)
[0]     at addChunk (_stream_readable.js:286:12)
[0]     at readableAddChunk (_stream_readable.js:268:9)
[0]     at Socket.Readable.push (_stream_readable.js:209:10)
[0] node src/index.js exited with code 1

> host-router@1.0.0 prod /home/mitwilsch/host-router
> concurrently "node src/index.js" "http-server public/mitchell.schooler.me/dist -p 3001" " http-server public/schooler.me/dist -p 3002" 

[1] events.js:287
[1]       throw er; // Unhandled 'error' event
[1]       ^
[1] 
[1] Error: listen EADDRINUSE: address already in use 0.0.0.0:3001
[1]     at Server.setupListenHandle [as _listen2] (net.js:1313:16)
[1]     at listenInCluster (net.js:1361:12)
[1]     at doListen (net.js:1500:7)
[1]     at processTicksAndRejections (internal/process/task_queues.js:85:21)
[1] Emitted 'error' event on Server instance at:
[1]     at emitErrorNT (net.js:1340:8)
[1]     at processTicksAndRejections (internal/process/task_queues.js:84:21) {
[1]   code: 'EADDRINUSE',
[1]   errno: 'EADDRINUSE',
[1]   syscall: 'listen',
[1]   address: '0.0.0.0',
[1]   port: 3001
[1] }
[2] events.js:287
[2]       throw er; // Unhandled 'error' event
[2]       ^
[2] 
[2] Error: listen EADDRINUSE: address already in use 0.0.0.0:3002
[2]     at Server.setupListenHandle [as _listen2] (net.js:1313:16)
[2]     at listenInCluster (net.js:1361:12)
[2]     at doListen (net.js:1500:7)
[2]     at processTicksAndRejections (internal/process/task_queues.js:85:21)
[2] Emitted 'error' event on Server instance at:
[2]     at emitErrorNT (net.js:1340:8)
[2]     at processTicksAndRejections (internal/process/task_queues.js:84:21) {
[2]   code: 'EADDRINUSE',
[2]   errno: 'EADDRINUSE',
[2]   syscall: 'listen',
[2]   address: '0.0.0.0',
[2]   port: 3002
[2] }
[1] http-server public/mitchell.schooler.me/dist -p 3001 exited with code 1
[2]  http-server public/schooler.me/dist -p 3002 exited with code 1
[2] [2020-05-12T23:36:59.653Z]  "[36mGET[39m [36m/[39m" "Mozilla/5.0 (Linux; Android 9; ONEPLUS A5000) AppleWebKit/537.36 (KHTML, like Gecko) Chrome/81.0.4044.138 Mobile Safari/537.36"
[2] [2020-05-12T23:37:01.286Z]  "[36mGET[39m [36m/bundle.js[39m" "Mozilla/5.0 (Linux; Android 9; ONEPLUS A5000) AppleWebKit/537.36 (KHTML, like Gecko) Chrome/81.0.4044.138 Mobile Safari/537.36"
[2] [2020-05-12T23:37:04.123Z]  "[36mGET[39m [36m/favicon.ico[39m" "Mozilla/5.0 (Linux; Android 9; ONEPLUS A5000) AppleWebKit/537.36 (KHTML, like Gecko) Chrome/81.0.4044.138 Mobile Safari/537.36"
[2] [2020-05-12T23:37:04.124Z]  "[31mGET[39m [31m/favicon.ico[39m" Error ([31m404[39m): "[31mNot found[39m"
[2] [2020-05-12T23:37:06.611Z]  "[36mGET[39m [36m/[39m" "Mozilla/5.0 (Linux; Android 9; ONEPLUS A5000) AppleWebKit/537.36 (KHTML, like Gecko) Chrome/81.0.4044.138 Mobile Safari/537.36"
[2] [2020-05-12T23:37:10.712Z]  "[36mGET[39m [36m/[39m" "Mozilla/5.0 (Linux; Android 9; ONEPLUS A5000) AppleWebKit/537.36 (KHTML, like Gecko) Chrome/81.0.4044.138 Mobile Safari/537.36"
[2] [2020-05-12T23:37:20.328Z]  "[36mGET[39m [36m/[39m" "Mozilla/5.0 (X11; Linux x86_64) AppleWebKit/537.36 (KHTML, like Gecko) Chrome/81.0.4044.138 Safari/537.36"
[2] [2020-05-12T23:37:20.704Z]  "[36mGET[39m [36m/bundle.js[39m" "Mozilla/5.0 (X11; Linux x86_64) AppleWebKit/537.36 (KHTML, like Gecko) Chrome/81.0.4044.138 Safari/537.36"
[2] [2020-05-12T23:37:23.394Z]  "[36mGET[39m [36m/favicon.ico[39m" "Mozilla/5.0 (X11; Linux x86_64) AppleWebKit/537.36 (KHTML, like Gecko) Chrome/81.0.4044.138 Safari/537.36"
[2] [2020-05-12T23:37:23.395Z]  "[31mGET[39m [31m/favicon.ico[39m" Error ([31m404[39m): "[31mNot found[39m"
[2] [2020-05-12T23:37:32.229Z]  "[36mGET[39m [36m/[39m" "Mozilla/5.0 (X11; Linux x86_64) AppleWebKit/537.36 (KHTML, like Gecko) Chrome/81.0.4044.138 Safari/537.36"
[2] [2020-05-12T23:37:32.357Z]  "[36mGET[39m [36m/bundle.js[39m" "Mozilla/5.0 (X11; Linux x86_64) AppleWebKit/537.36 (KHTML, like Gecko) Chrome/81.0.4044.138 Safari/537.36"
[2] [2020-05-12T23:37:34.591Z]  "[36mGET[39m [36m/favicon.ico[39m" "Mozilla/5.0 (X11; Linux x86_64) AppleWebKit/537.36 (KHTML, like Gecko) Chrome/81.0.4044.138 Safari/537.36"
[2] [2020-05-12T23:37:34.593Z]  "[31mGET[39m [31m/favicon.ico[39m" Error ([31m404[39m): "[31mNot found[39m"
[2] [2020-05-12T23:37:38.619Z]  "[36mGET[39m [36m/[39m" "Mozilla/5.0 (X11; Linux x86_64) AppleWebKit/537.36 (KHTML, like Gecko) Chrome/81.0.4044.138 Safari/537.36"
[2] [2020-05-12T23:37:38.773Z]  "[36mGET[39m [36m/bundle.js[39m" "Mozilla/5.0 (X11; Linux x86_64) AppleWebKit/537.36 (KHTML, like Gecko) Chrome/81.0.4044.138 Safari/537.36"
[2] [2020-05-12T23:37:40.738Z]  "[36mGET[39m [36m/favicon.ico[39m" "Mozilla/5.0 (X11; Linux x86_64) AppleWebKit/537.36 (KHTML, like Gecko) Chrome/81.0.4044.138 Safari/537.36"
[2] [2020-05-12T23:37:40.739Z]  "[31mGET[39m [31m/favicon.ico[39m" Error ([31m404[39m): "[31mNot found[39m"
[0] Terminated
[0] node src/index.js exited with code 143
npm ERR! code ELIFECYCLE
npm ERR! errno 1
npm ERR! host-router@1.0.0 prod: `concurrently "node src/index.js" "http-server public/mitchell.schooler.me/dist -p 3001" " http-server public/schooler.me/dist -p 3002" `
npm ERR! Exit status 1
npm ERR! 
npm ERR! Failed at the host-router@1.0.0 prod script.
npm ERR! This is probably not a problem with npm. There is likely additional logging output above.

npm ERR! A complete log of this run can be found in:
npm ERR!     /root/.npm/_logs/2020-05-12T23_37_47_793Z-debug.log
[1] [31mhttp-server stopped.[39m
[1] http-server public/mitchell.schooler.me/dist -p 3001 exited with code SIGTERM
[2] [31mhttp-server stopped.[39m
[2]  http-server public/schooler.me/dist -p 3002 exited with code SIGTERM
npm ERR! code ELIFECYCLE
npm ERR! errno 1
npm ERR! host-router@1.0.0 prod: `concurrently "node src/index.js" "http-server public/mitchell.schooler.me/dist -p 3001" " http-server public/schooler.me/dist -p 3002" `
npm ERR! Exit status 1
npm ERR! 
npm ERR! Failed at the host-router@1.0.0 prod script.
npm ERR! This is probably not a problem with npm. There is likely additional logging output above.

npm ERR! A complete log of this run can be found in:
npm ERR!     /root/.npm/_logs/2020-05-12T23_37_47_849Z-debug.log

> host-router@1.0.0 prod /home/mitwilsch/host-router
> concurrently "node src/index.js" "http-server public/mitchell.schooler.me/dist -p 3001" " http-server public/schooler.me/dist -p 3002" 

[1] [33mStarting up http-server, serving [39m[36mpublic/mitchell.schooler.me/dist[39m[33m[39m
[1] [33mAvailable on:[39m
[1]   http://127.0.0.1:[32m3001[39m
[1]   http://10.138.0.9:[32m3001[39m
[1] Hit CTRL-C to stop the server
[2] [33mStarting up http-server, serving [39m[36mpublic/schooler.me/dist[39m[33m[39m
[2] [33mAvailable on:[39m
[2]   http://127.0.0.1:[32m3002[39m
[2]   http://10.138.0.9:[32m3002[39m
[2] Hit CTRL-C to stop the server
[2] [2020-05-12T23:37:52.005Z]  "[36mGET[39m [36m/[39m" "Mozilla/5.0 (X11; Linux x86_64) AppleWebKit/537.36 (KHTML, like Gecko) Chrome/81.0.4044.138 Safari/537.36"
[2] (node:6282) [DEP0066] DeprecationWarning: OutgoingMessage.prototype._headers is deprecated
[2] [2020-05-12T23:37:57.845Z]  "[36mGET[39m [36m/[39m" "Mozilla/5.0 (X11; Linux x86_64) AppleWebKit/537.36 (KHTML, like Gecko) Chrome/81.0.4044.138 Safari/537.36"
[2] [2020-05-12T23:37:57.959Z]  "[36mGET[39m [36m/bundle.js[39m" "Mozilla/5.0 (X11; Linux x86_64) AppleWebKit/537.36 (KHTML, like Gecko) Chrome/81.0.4044.138 Safari/537.36"
[2] [2020-05-12T23:37:59.261Z]  "[36mGET[39m [36m/favicon.ico[39m" "Mozilla/5.0 (X11; Linux x86_64) AppleWebKit/537.36 (KHTML, like Gecko) Chrome/81.0.4044.138 Safari/537.36"
[2] [2020-05-12T23:37:59.263Z]  "[31mGET[39m [31m/favicon.ico[39m" Error ([31m404[39m): "[31mNot found[39m"
[1] [2020-05-12T23:38:05.084Z]  "[36mGET[39m [36m/[39m" "Mozilla/5.0 (X11; Linux x86_64) AppleWebKit/537.36 (KHTML, like Gecko) Chrome/81.0.4044.138 Safari/537.36"
[1] (node:6280) [DEP0066] DeprecationWarning: OutgoingMessage.prototype._headers is deprecated
[1] [2020-05-12T23:38:06.386Z]  "[36mGET[39m [36m/bundle.js[39m" "Mozilla/5.0 (X11; Linux x86_64) AppleWebKit/537.36 (KHTML, like Gecko) Chrome/81.0.4044.138 Safari/537.36"
[1] [2020-05-12T23:38:11.394Z]  "[36mGET[39m [36m/96e98a2ef81b39928676dba5bdef5d94.jpg[39m" "Mozilla/5.0 (X11; Linux x86_64) AppleWebKit/537.36 (KHTML, like Gecko) Chrome/81.0.4044.138 Safari/537.36"
[1] [2020-05-12T23:38:11.397Z]  "[36mGET[39m [36m/public/favicon-32x32.png[39m" "Mozilla/5.0 (X11; Linux x86_64) AppleWebKit/537.36 (KHTML, like Gecko) Chrome/81.0.4044.138 Safari/537.36"
[1] [2020-05-12T23:38:11.399Z]  "[31mGET[39m [31m/public/favicon-32x32.png[39m" Error ([31m404[39m): "[31mNot found[39m"
[1] [2020-05-12T23:38:12.731Z]  "[36mGET[39m [36m/favicon.ico[39m" "Mozilla/5.0 (X11; Linux x86_64) AppleWebKit/537.36 (KHTML, like Gecko) Chrome/81.0.4044.138 Safari/537.36"
[1] [2020-05-12T23:38:12.733Z]  "[31mGET[39m [31m/favicon.ico[39m" Error ([31m404[39m): "[31mNot found[39m"
[1] [2020-05-12T23:38:20.759Z]  "[36mGET[39m [36m/[39m" "Mozilla/5.0 (X11; Linux x86_64) AppleWebKit/537.36 (KHTML, like Gecko) Chrome/81.0.4044.138 Safari/537.36"
[1] [2020-05-12T23:38:21.555Z]  "[36mGET[39m [36m/bundle.js[39m" "Mozilla/5.0 (X11; Linux x86_64) AppleWebKit/537.36 (KHTML, like Gecko) Chrome/81.0.4044.138 Safari/537.36"
[1] [2020-05-12T23:38:24.215Z]  "[36mGET[39m [36m/96e98a2ef81b39928676dba5bdef5d94.jpg[39m" "Mozilla/5.0 (X11; Linux x86_64) AppleWebKit/537.36 (KHTML, like Gecko) Chrome/81.0.4044.138 Safari/537.36"
[1] [2020-05-12T23:38:24.217Z]  "[36mGET[39m [36m/public/favicon-32x32.png[39m" "Mozilla/5.0 (X11; Linux x86_64) AppleWebKit/537.36 (KHTML, like Gecko) Chrome/81.0.4044.138 Safari/537.36"
[1] [2020-05-12T23:38:24.219Z]  "[31mGET[39m [31m/public/favicon-32x32.png[39m" Error ([31m404[39m): "[31mNot found[39m"
[1] [2020-05-12T23:38:25.152Z]  "[36mGET[39m [36m/favicon.ico[39m" "Mozilla/5.0 (X11; Linux x86_64) AppleWebKit/537.36 (KHTML, like Gecko) Chrome/81.0.4044.138 Safari/537.36"
[1] [2020-05-12T23:38:25.154Z]  "[31mGET[39m [31m/favicon.ico[39m" Error ([31m404[39m): "[31mNot found[39m"
[2] [2020-05-12T23:38:36.188Z]  "[36mGET[39m [36m/[39m" "Mozilla/5.0 (X11; Linux x86_64) AppleWebKit/537.36 (KHTML, like Gecko) Chrome/81.0.4044.138 Safari/537.36"
[2] [2020-05-12T23:38:44.903Z]  "[36mGET[39m [36m/[39m" "Mozilla/5.0 (Linux; Android 9; ONEPLUS A5000) AppleWebKit/537.36 (KHTML, like Gecko) Chrome/81.0.4044.138 Mobile Safari/537.36"
[2] [2020-05-12T23:38:47.601Z]  "[36mGET[39m [36m/[39m" "Mozilla/5.0 (Linux; Android 9; ONEPLUS A5000) AppleWebKit/537.36 (KHTML, like Gecko) Chrome/81.0.4044.138 Mobile Safari/537.36"
[2] [2020-05-12T23:42:45.188Z]  "[36mGET[39m [36m/[39m" "Mozilla/5.0 (Linux; Android 9; ONEPLUS A5000) AppleWebKit/537.36 (KHTML, like Gecko) Chrome/81.0.4044.138 Mobile Safari/537.36"
[0] /home/mitwilsch/host-router/src/index.js:13
[0]   const domain = req.headers.host.split(':')[0];
[0]                                   ^
[0] 
[0] TypeError: Cannot read property 'split' of undefined
[0]     at /home/mitwilsch/host-router/src/index.js:13:35
[0]     at Server.onrequest (/home/mitwilsch/host-router/node_modules/bouncy/index.js:98:30)
[0]     at Server.emit (events.js:310:20)
[0]     at parserOnIncoming (_http_server.js:786:12)
[0]     at HTTPParser.parserOnHeadersComplete (_http_common.js:119:17)
[0]     at socketOnData (_http_server.js:563:22)
[0]     at Socket.emit (events.js:322:22)
[0]     at addChunk (_stream_readable.js:286:12)
[0]     at readableAddChunk (_stream_readable.js:268:9)
[0]     at Socket.Readable.push (_stream_readable.js:209:10)
[0] node src/index.js exited with code 1
[2]  http-server public/schooler.me/dist -p 3002 exited with code SIGTERM
[1] http-server public/mitchell.schooler.me/dist -p 3001 exited with code SIGTERM
